Build started 22/07/2012 21:29:53.
     1>Project "C:\Users\David\documents\visual studio 2010\Projects\TicTac\TicTac\TicTac.vcxproj" on node 2 (build target(s)).
     1>InitializeBuildStatus:
         Creating "Debug\TicTac.unsuccessfulbuild" because "AlwaysCreate" was specified.
       ClCompile:
         c:\Program Files (x86)\Microsoft Visual Studio 10.0\VC\bin\CL.exe /c /ZI /nologo /W3 /WX- /Od /Oy- /D WIN32 /D _DEBUG /D _CONSOLE /D _UNICODE /D UNICODE /Gm /EHsc /RTC1 /MDd /GS /fp:precise /Zc:wchar_t /Zc:forScope /Fo"Debug\\" /Fd"Debug\vc100.pdb" /Gd /TP /analyze- /errorReport:prompt AIPlayer.cpp Board.cpp HumanPlayer.cpp Player.cpp TicTac.cpp
         AIPlayer.cpp
     1>c:\users\david\documents\visual studio 2010\projects\tictac\tictac\aiplayer.cpp(22): warning C4244: 'argument' : conversion from 'float' to 'DWORD', possible loss of data
     1>c:\users\david\documents\visual studio 2010\projects\tictac\tictac\aiplayer.cpp(28): warning C4244: '=' : conversion from 'float' to 'int', possible loss of data
         Generating Code...
         Compiling...
         TicTac.cpp
     1>c:\users\david\documents\visual studio 2010\projects\tictac\tictac\tictac.cpp(106): warning C4996: 'itoa': The POSIX name for this item is deprecated. Instead, use the ISO C++ conformant name: _itoa. See online help for details.
                 c:\program files (x86)\microsoft visual studio 10.0\vc\include\stdlib.h(867) : see declaration of 'itoa'
         Player.cpp
         HumanPlayer.cpp
         Board.cpp
     1>c:\users\david\documents\visual studio 2010\projects\tictac\tictac\board.cpp(26): warning C4154: deletion of an array expression; conversion to pointer supplied
     1>c:\users\david\documents\visual studio 2010\projects\tictac\tictac\board.cpp(27): warning C4154: deletion of an array expression; conversion to pointer supplied
         Generating Code...
       ManifestResourceCompile:
         All outputs are up-to-date.
       Link:
         c:\Program Files (x86)\Microsoft Visual Studio 10.0\VC\bin\link.exe /ERRORREPORT:PROMPT /OUT:"C:\Users\David\documents\visual studio 2010\Projects\TicTac\Debug\TicTac.exe" /INCREMENTAL /NOLOGO kernel32.lib user32.lib gdi32.lib winspool.lib comdlg32.lib advapi32.lib shell32.lib ole32.lib oleaut32.lib uuid.lib odbc32.lib odbccp32.lib /MANIFEST /ManifestFile:"Debug\TicTac.exe.intermediate.manifest" /MANIFESTUAC:"level='asInvoker' uiAccess='false'" /DEBUG /PDB:"C:\Users\David\documents\visual studio 2010\Projects\TicTac\Debug\TicTac.pdb" /SUBSYSTEM:CONSOLE /TLBID:1 /DYNAMICBASE /NXCOMPAT /IMPLIB:"C:\Users\David\documents\visual studio 2010\Projects\TicTac\Debug\TicTac.lib" /MACHINE:X86 Debug\TicTac.exe.embed.manifest.res
         Debug\AIPlayer.obj
         Debug\Board.obj
         Debug\HumanPlayer.obj
         Debug\Player.obj
         Debug\TicTac.obj
       Manifest:
         C:\Program Files (x86)\Microsoft SDKs\Windows\v7.0A\bin\mt.exe /nologo /verbose /out:"Debug\TicTac.exe.embed.manifest" /manifest Debug\TicTac.exe.intermediate.manifest
         All outputs are up-to-date.
       LinkEmbedManifest:
         All outputs are up-to-date.
         TicTac.vcxproj -> C:\Users\David\documents\visual studio 2010\Projects\TicTac\Debug\TicTac.exe
       FinalizeBuildStatus:
         Deleting file "Debug\TicTac.unsuccessfulbuild".
         Touching "Debug\TicTac.lastbuildstate".
     1>Done Building Project "C:\Users\David\documents\visual studio 2010\Projects\TicTac\TicTac\TicTac.vcxproj" (build target(s)).

Build succeeded.

Time Elapsed 00:00:06.87
